<?xml version="1.0" encoding="utf-8"?><testsuites><testsuite name="pytest" errors="0" failures="0" skipped="0" tests="16" time="1.013" timestamp="2025-05-05T18:32:35.413827+02:00" hostname="Pavlos-MacBook-Air.local"><testcase classname="tests.test_conftest" name="test_get_swift_code_details" time="0.092" /><testcase classname="tests.test_conftest" name="test_get_swift_code_details_not_found" time="0.027" /><testcase classname="tests.test_conftest" name="test_get_swift_codes_by_country" time="0.026" /><testcase classname="tests.test_conftest" name="test_get_swift_codes_by_country_not_found" time="0.024" /><testcase classname="tests.test_conftest" name="test_add_swift_code_success" time="0.026" /><testcase classname="tests.test_conftest" name="test_add_swift_code_missing_field" time="0.026" /><testcase classname="tests.test_conftest" name="test_add_swift_code_duplicate" time="0.026" /><testcase classname="tests.test_conftest" name="test_add_swift_code_db_error" time="0.025" /><testcase classname="tests.test_conftest" name="test_delete_swift_code_success" time="0.028" /><testcase classname="tests.test_conftest" name="test_delete_swift_code_not_found" time="0.026" /><testcase classname="tests.test_conftest" name="test_delete_swift_code_internal_error" time="0.027" /><testcase classname="tests.test_parser" name="test_parse_swift_codes_success" time="0.009" /><testcase classname="tests.test_parser" name="test_parse_swift_codes_branch_no_hq" time="0.004" /><testcase classname="tests.test_parser" name="test_parse_swift_codes_updates_existing_bank" time="0.004" /><testcase classname="tests.test_parser" name="test_parse_swift_codes_read_csv_error" time="0.001" /><testcase classname="tests.test_parser" name="test_parse_swift_codes_db_commit_fails" time="0.005" /></testsuite></testsuites>